<?xml version="1.0" encoding="UTF-8"?>
<!-- Generated by org.testng.reporters.JUnitXMLReporter -->
<testsuite hostname="NODLTP52089263" ignored="0" name="Default test" tests="1" failures="0" timestamp="27 Apr 2021 09:32:33 GMT" time="3.186" errors="0">
  <testcase name="@BeforeMethod init" time="3.154" classname="core.BaseTest">
    <failure type="org.openqa.selenium.SessionNotCreatedException" message="session not created: This version of ChromeDriver only supports Chrome version 87
Current browser version is 90.0.4430.85 with binary path C:\Program Files (x86)\Google\Chrome\Application\chrome.exe
Build info: version: &amp;apos;3.141.59&amp;apos;, revision: &amp;apos;e82be7d358&amp;apos;, time: &amp;apos;2018-11-14T08:25:48&amp;apos;
System info: host: &amp;apos;NODLTP52089263&amp;apos;, ip: &amp;apos;192.168.1.14&amp;apos;, os.name: &amp;apos;Windows 10&amp;apos;, os.arch: &amp;apos;amd64&amp;apos;, os.version: &amp;apos;10.0&amp;apos;, java.version: &amp;apos;1.8.0_221&amp;apos;
Driver info: driver.version: ChromeDriver
remote stacktrace: Backtrace:
	Ordinal0 [0x004AECE3+3337443]
	Ordinal0 [0x0038F041+2158657]
	Ordinal0 [0x00216FA8+618408]
	Ordinal0 [0x00191D52+73042]
	Ordinal0 [0x0018E0D8+57560]
	Ordinal0 [0x0018C38A+50058]
	Ordinal0 [0x001B5E8E+220814]
	Ordinal0 [0x001B5BFC+220156]
	Ordinal0 [0x001B181B+202779]
	Ordinal0 [0x00193D74+81268]
	Ordinal0 [0x00194D6E+85358]
	Ordinal0 [0x00194CF9+85241]
	Ordinal0 [0x003A6F2C+2256684]
	GetHandleVerifier [0x00632FAC+1478332]
	GetHandleVerifier [0x00632AFD+1477133]
	GetHandleVerifier [0x0063AAD8+1509864]
	GetHandleVerifier [0x0063369E+1480110]
	Ordinal0 [0x0039D6BD+2217661]
	Ordinal0 [0x003A89AB+2263467]
	Ordinal0 [0x003A8AEF+2263791]
	Ordinal0 [0x003BD363+2347875]
	BaseThreadInitThunk [0x76228674+36]
	RtlGetAppContainerNamedObjectPath [0x77D45E17+311]
	RtlGetAppContainerNamedObjectPath [0x77D45DE7+263]
">
      <![CDATA[org.openqa.selenium.SessionNotCreatedException: session not created: This version of ChromeDriver only supports Chrome version 87
Current browser version is 90.0.4430.85 with binary path C:\Program Files (x86)\Google\Chrome\Application\chrome.exe
Build info: version: '3.141.59', revision: 'e82be7d358', time: '2018-11-14T08:25:48'
System info: host: 'NODLTP52089263', ip: '192.168.1.14', os.name: 'Windows 10', os.arch: 'amd64', os.version: '10.0', java.version: '1.8.0_221'
Driver info: driver.version: ChromeDriver
remote stacktrace: Backtrace:
Ordinal0 [0x004AECE3+3337443]
Ordinal0 [0x0038F041+2158657]
Ordinal0 [0x00216FA8+618408]
Ordinal0 [0x00191D52+73042]
Ordinal0 [0x0018E0D8+57560]
Ordinal0 [0x0018C38A+50058]
Ordinal0 [0x001B5E8E+220814]
Ordinal0 [0x001B5BFC+220156]
Ordinal0 [0x001B181B+202779]
Ordinal0 [0x00193D74+81268]
Ordinal0 [0x00194D6E+85358]
Ordinal0 [0x00194CF9+85241]
Ordinal0 [0x003A6F2C+2256684]
GetHandleVerifier [0x00632FAC+1478332]
GetHandleVerifier [0x00632AFD+1477133]
GetHandleVerifier [0x0063AAD8+1509864]
GetHandleVerifier [0x0063369E+1480110]
Ordinal0 [0x0039D6BD+2217661]
Ordinal0 [0x003A89AB+2263467]
Ordinal0 [0x003A8AEF+2263791]
Ordinal0 [0x003BD363+2347875]
BaseThreadInitThunk [0x76228674+36]
RtlGetAppContainerNamedObjectPath [0x77D45E17+311]
RtlGetAppContainerNamedObjectPath [0x77D45DE7+263]

at sun.reflect.NativeConstructorAccessorImpl.newInstance0(Native Method)
at sun.reflect.NativeConstructorAccessorImpl.newInstance(Unknown Source)
at sun.reflect.DelegatingConstructorAccessorImpl.newInstance(Unknown Source)
at java.lang.reflect.Constructor.newInstance(Unknown Source)
at org.openqa.selenium.remote.W3CHandshakeResponse.lambda$errorHandler$0(W3CHandshakeResponse.java:62)
at org.openqa.selenium.remote.HandshakeResponse.lambda$getResponseFunction$0(HandshakeResponse.java:30)
at org.openqa.selenium.remote.ProtocolHandshake.lambda$createSession$0(ProtocolHandshake.java:126)
at java.util.stream.ReferencePipeline$3$1.accept(Unknown Source)
at java.util.Spliterators$ArraySpliterator.tryAdvance(Unknown Source)
at java.util.stream.ReferencePipeline.forEachWithCancel(Unknown Source)
at java.util.stream.AbstractPipeline.copyIntoWithCancel(Unknown Source)
at java.util.stream.AbstractPipeline.copyInto(Unknown Source)
at java.util.stream.AbstractPipeline.wrapAndCopyInto(Unknown Source)
at java.util.stream.FindOps$FindOp.evaluateSequential(Unknown Source)
at java.util.stream.AbstractPipeline.evaluate(Unknown Source)
at java.util.stream.ReferencePipeline.findFirst(Unknown Source)
at org.openqa.selenium.remote.ProtocolHandshake.createSession(ProtocolHandshake.java:128)
at org.openqa.selenium.remote.ProtocolHandshake.createSession(ProtocolHandshake.java:74)
at org.openqa.selenium.remote.HttpCommandExecutor.execute(HttpCommandExecutor.java:136)
at org.openqa.selenium.remote.service.DriverCommandExecutor.execute(DriverCommandExecutor.java:83)
at org.openqa.selenium.remote.RemoteWebDriver.execute(RemoteWebDriver.java:552)
at org.openqa.selenium.remote.RemoteWebDriver.startSession(RemoteWebDriver.java:213)
at org.openqa.selenium.remote.RemoteWebDriver.<init>(RemoteWebDriver.java:131)
at org.openqa.selenium.chrome.ChromeDriver.<init>(ChromeDriver.java:181)
at org.openqa.selenium.chrome.ChromeDriver.<init>(ChromeDriver.java:168)
at org.openqa.selenium.chrome.ChromeDriver.<init>(ChromeDriver.java:123)
at core.BaseTest.init(BaseTest.java:75)
at sun.reflect.NativeMethodAccessorImpl.invoke0(Native Method)
at sun.reflect.NativeMethodAccessorImpl.invoke(Unknown Source)
at sun.reflect.DelegatingMethodAccessorImpl.invoke(Unknown Source)
at java.lang.reflect.Method.invoke(Unknown Source)
at org.testng.internal.MethodInvocationHelper.invokeMethod(MethodInvocationHelper.java:124)
at org.testng.internal.MethodInvocationHelper.invokeMethodConsideringTimeout(MethodInvocationHelper.java:59)
at org.testng.internal.Invoker.invokeConfigurationMethod(Invoker.java:458)
at org.testng.internal.Invoker.invokeConfigurations(Invoker.java:222)
at org.testng.internal.Invoker.invokeMethod(Invoker.java:523)
at org.testng.internal.Invoker.invokeTestMethod(Invoker.java:719)
at org.testng.internal.Invoker.invokeTestMethods(Invoker.java:989)
at org.testng.internal.TestMethodWorker.invokeTestMethods(TestMethodWorker.java:124)
at org.testng.internal.TestMethodWorker.run(TestMethodWorker.java:109)
at org.testng.TestRunner.privateRun(TestRunner.java:648)
at org.testng.TestRunner.run(TestRunner.java:505)
at org.testng.SuiteRunner.runTest(SuiteRunner.java:455)
at org.testng.SuiteRunner.runSequentially(SuiteRunner.java:450)
at org.testng.SuiteRunner.privateRun(SuiteRunner.java:415)
at org.testng.SuiteRunner.run(SuiteRunner.java:364)
at org.testng.SuiteRunnerWorker.runSuite(SuiteRunnerWorker.java:52)
at org.testng.SuiteRunnerWorker.run(SuiteRunnerWorker.java:84)
at org.testng.TestNG.runSuitesSequentially(TestNG.java:1208)
at org.testng.TestNG.runSuitesLocally(TestNG.java:1137)
at org.testng.TestNG.runSuites(TestNG.java:1049)
at org.testng.TestNG.run(TestNG.java:1017)
at org.testng.remote.AbstractRemoteTestNG.run(AbstractRemoteTestNG.java:114)
at org.testng.remote.RemoteTestNG.initAndRun(RemoteTestNG.java:251)
at org.testng.remote.RemoteTestNG.main(RemoteTestNG.java:77)
]]>
    </failure>
  </testcase> <!-- @BeforeMethod init -->
  <testcase name="@AfterMethod Appclose" time="0.0" classname="core.BaseTest">
    <skipped/>
  </testcase> <!-- @AfterMethod Appclose -->
  <testcase name="wordpress" time="0.0" classname="testcases.LoginTestCase">
    <skipped/>
  </testcase> <!-- wordpress -->
</testsuite> <!-- Default test -->
